\BOOKMARK [1][-]{section.1}{Ejercicios}{}% 1
\BOOKMARK [2][-]{subsection.1.1}{Ejercicio 1}{section.1}% 2
\BOOKMARK [3][-]{subsubsection.1.1.1}{Queries}{subsection.1.1}% 3
\BOOKMARK [3][-]{subsubsection.1.1.2}{\315ndice Unclustered}{subsection.1.1}% 4
\BOOKMARK [3][-]{subsubsection.1.1.3}{\315ndice Clustered}{subsection.1.1}% 5
\BOOKMARK [3][-]{subsubsection.1.1.4}{Discusi\363n}{subsection.1.1}% 6
\BOOKMARK [2][-]{subsection.1.2}{Ejercicio 2}{section.1}% 7
\BOOKMARK [3][-]{subsubsection.1.2.1}{Queries}{subsection.1.2}% 8
\BOOKMARK [3][-]{subsubsection.1.2.2}{\315ndice sobre corp\137no}{subsection.1.2}% 9
\BOOKMARK [3][-]{subsubsection.1.2.3}{\315ndice sobre region\137no}{subsection.1.2}% 10
\BOOKMARK [3][-]{subsubsection.1.2.4}{Discusi\363n}{subsection.1.2}% 11
\BOOKMARK [2][-]{subsection.1.3}{Ejercicio 3}{section.1}% 12
\BOOKMARK [3][-]{subsubsection.1.3.1}{Queries}{subsection.1.3}% 13
\BOOKMARK [3][-]{subsubsection.1.3.2}{\315ndice clustered sobre member}{subsection.1.3}% 14
\BOOKMARK [3][-]{subsubsection.1.3.3}{\315ndice unclustered sobre charge}{subsection.1.3}% 15
\BOOKMARK [3][-]{subsubsection.1.3.4}{Discusi\363n}{subsection.1.3}% 16
\BOOKMARK [2][-]{subsection.1.4}{Ejercicio 4}{section.1}% 17
\BOOKMARK [3][-]{subsubsection.1.4.1}{Queries}{subsection.1.4}% 18
\BOOKMARK [3][-]{subsubsection.1.4.2}{\315ndice clustered sobre member}{subsection.1.4}% 19
\BOOKMARK [3][-]{subsubsection.1.4.3}{Discusi\363n}{subsection.1.4}% 20
\BOOKMARK [1][-]{section.2}{Conclusiones}{}% 21
